Starting DemoApplicationTests on Chris with PID 5736 (started by Master in D:\Files\Code_Project\WeChatOrderSystem\Code)
The following profiles are active: dev
Multiple Spring Data modules found, entering strict repository configuration mode!
Bootstrapping Spring Data JPA repositories in DEFAULT mode.
Finished Spring Data repository scanning in 211ms. Found 5 JPA repository interfaces.
Multiple Spring Data modules found, entering strict repository configuration mode!
Bootstrapping Spring Data Redis repositories in DEFAULT mode.
Spring Data Redis - Could not safely identify store assignment for repository candidate interface com.wechatorder.demo.repository.OrderDetailRepository. If you want this repository to be a Redis repository, consider annotating your entities with one of these annotations: org.springframework.data.redis.core.RedisHash (preferred), or consider extending one of the following types with your repository: org.springframework.data.keyvalue.repository.KeyValueRepository.
Spring Data Redis - Could not safely identify store assignment for repository candidate interface com.wechatorder.demo.repository.OrderMasterRepository. If you want this repository to be a Redis repository, consider annotating your entities with one of these annotations: org.springframework.data.redis.core.RedisHash (preferred), or consider extending one of the following types with your repository: org.springframework.data.keyvalue.repository.KeyValueRepository.
Spring Data Redis - Could not safely identify store assignment for repository candidate interface com.wechatorder.demo.repository.ProductCategoryRepository. If you want this repository to be a Redis repository, consider annotating your entities with one of these annotations: org.springframework.data.redis.core.RedisHash (preferred), or consider extending one of the following types with your repository: org.springframework.data.keyvalue.repository.KeyValueRepository.
Spring Data Redis - Could not safely identify store assignment for repository candidate interface com.wechatorder.demo.repository.ProductInfoRepository. If you want this repository to be a Redis repository, consider annotating your entities with one of these annotations: org.springframework.data.redis.core.RedisHash (preferred), or consider extending one of the following types with your repository: org.springframework.data.keyvalue.repository.KeyValueRepository.
Spring Data Redis - Could not safely identify store assignment for repository candidate interface com.wechatorder.demo.repository.SellerInfoRepository. If you want this repository to be a Redis repository, consider annotating your entities with one of these annotations: org.springframework.data.redis.core.RedisHash (preferred), or consider extending one of the following types with your repository: org.springframework.data.keyvalue.repository.KeyValueRepository.
Finished Spring Data repository scanning in 17ms. Found 0 Redis repository interfaces.
HHH000204: Processing PersistenceUnitInfo [name: default]
HHH000412: Hibernate ORM core version 5.4.12.Final
HCANN000001: Hibernate Commons Annotations {5.1.0.Final}
HikariPool-1 - Starting...
HikariPool-1 - Start completed.
HHH000400: Using dialect: org.hibernate.dialect.MySQL8Dialect
HHH000490: Using JtaPlatform implementation: [org.hibernate.engine.transaction.jta.platform.internal.NoJtaPlatform]
Initialized JPA EntityManagerFactory for persistence unit 'default'
spring.jpa.open-in-view is enabled by default. Therefore, database queries may be performed during view rendering. Explicitly configure spring.jpa.open-in-view to disable this warning
Initializing ExecutorService 'applicationTaskExecutor'
Started DemoApplicationTests in 8.948 seconds (JVM running for 10.197)
Neither @ContextConfiguration nor @ContextHierarchy found for test class [com.wechatorder.demo.repository.OrderMasterRepositoryTest], using SpringBootContextLoader
Could not detect default resource locations for test class [com.wechatorder.demo.repository.OrderMasterRepositoryTest]: no resource found for suffixes {-context.xml, Context.groovy}.
Could not detect default configuration classes for test class [com.wechatorder.demo.repository.OrderMasterRepositoryTest]: OrderMasterRepositoryTest does not declare any static, non-private, non-final, nested classes annotated with @Configuration.
Found @SpringBootConfiguration com.wechatorder.demo.DemoApplication for test class com.wechatorder.demo.repository.OrderMasterRepositoryTest
Loaded default TestExecutionListener class names from location [META-INF/spring.factories]: [org.springframework.boot.test.mock.mockito.MockitoTestExecutionListener, org.springframework.boot.test.mock.mockito.ResetMocksTestExecutionListener, org.springframework.boot.test.autoconfigure.restdocs.RestDocsTestExecutionListener, org.springframework.boot.test.autoconfigure.web.client.MockRestServiceServerResetTestExecutionListener, org.springframework.boot.test.autoconfigure.web.servlet.MockMvcPrintOnlyOnFailureTestExecutionListener, org.springframework.boot.test.autoconfigure.web.servlet.WebDriverTestExecutionListener, org.springframework.test.context.web.ServletTestExecutionListener, org.springframework.test.context.support.DirtiesContextBeforeModesTestExecutionListener, org.springframework.test.context.support.DependencyInjectionTestExecutionListener, org.springframework.test.context.support.DirtiesContextTestExecutionListener, org.springframework.test.context.transaction.TransactionalTestExecutionListener, org.springframework.test.context.jdbc.SqlScriptsTestExecutionListener, org.springframework.test.context.event.EventPublishingTestExecutionListener]
Using TestExecutionListeners: [org.springframework.test.context.web.ServletTestExecutionListener@74f92d14, org.springframework.test.context.support.DirtiesContextBeforeModesTestExecutionListener@40071890, org.springframework.boot.test.mock.mockito.MockitoTestExecutionListener@748aa7dc, org.springframework.boot.test.autoconfigure.SpringBootDependencyInjectionTestExecutionListener@31e84f10, org.springframework.test.context.support.DirtiesContextTestExecutionListener@c4455b4, org.springframework.test.context.transaction.TransactionalTestExecutionListener@747f0f34, org.springframework.test.context.jdbc.SqlScriptsTestExecutionListener@556ae220, org.springframework.test.context.event.EventPublishingTestExecutionListener@2689b752, org.springframework.boot.test.mock.mockito.ResetMocksTestExecutionListener@84eafc2, org.springframework.boot.test.autoconfigure.restdocs.RestDocsTestExecutionListener@4440750, org.springframework.boot.test.autoconfigure.web.client.MockRestServiceServerResetTestExecutionListener@63d9e1a, org.springframework.boot.test.autoconfigure.web.servlet.MockMvcPrintOnlyOnFailureTestExecutionListener@6d658aa8, org.springframework.boot.test.autoconfigure.web.servlet.WebDriverTestExecutionListener@10280879]
Neither @ContextConfiguration nor @ContextHierarchy found for test class [com.wechatorder.demo.repository.ProductInfoRepositoryTest], using SpringBootContextLoader
Could not detect default resource locations for test class [com.wechatorder.demo.repository.ProductInfoRepositoryTest]: no resource found for suffixes {-context.xml, Context.groovy}.
Could not detect default configuration classes for test class [com.wechatorder.demo.repository.ProductInfoRepositoryTest]: ProductInfoRepositoryTest does not declare any static, non-private, non-final, nested classes annotated with @Configuration.
Found @SpringBootConfiguration com.wechatorder.demo.DemoApplication for test class com.wechatorder.demo.repository.ProductInfoRepositoryTest
Loaded default TestExecutionListener class names from location [META-INF/spring.factories]: [org.springframework.boot.test.mock.mockito.MockitoTestExecutionListener, org.springframework.boot.test.mock.mockito.ResetMocksTestExecutionListener, org.springframework.boot.test.autoconfigure.restdocs.RestDocsTestExecutionListener, org.springframework.boot.test.autoconfigure.web.client.MockRestServiceServerResetTestExecutionListener, org.springframework.boot.test.autoconfigure.web.servlet.MockMvcPrintOnlyOnFailureTestExecutionListener, org.springframework.boot.test.autoconfigure.web.servlet.WebDriverTestExecutionListener, org.springframework.test.context.web.ServletTestExecutionListener, org.springframework.test.context.support.DirtiesContextBeforeModesTestExecutionListener, org.springframework.test.context.support.DependencyInjectionTestExecutionListener, org.springframework.test.context.support.DirtiesContextTestExecutionListener, org.springframework.test.context.transaction.TransactionalTestExecutionListener, org.springframework.test.context.jdbc.SqlScriptsTestExecutionListener, org.springframework.test.context.event.EventPublishingTestExecutionListener]
Using TestExecutionListeners: [org.springframework.test.context.web.ServletTestExecutionListener@1bfb60b7, org.springframework.test.context.support.DirtiesContextBeforeModesTestExecutionListener@65b1693c, org.springframework.boot.test.mock.mockito.MockitoTestExecutionListener@9a74a93, org.springframework.boot.test.autoconfigure.SpringBootDependencyInjectionTestExecutionListener@255d4d7, org.springframework.test.context.support.DirtiesContextTestExecutionListener@426bf2f2, org.springframework.test.context.transaction.TransactionalTestExecutionListener@2cfd9b0a, org.springframework.test.context.jdbc.SqlScriptsTestExecutionListener@1f3dafd4, org.springframework.test.context.event.EventPublishingTestExecutionListener@33622388, org.springframework.boot.test.mock.mockito.ResetMocksTestExecutionListener@2e03bb74, org.springframework.boot.test.autoconfigure.restdocs.RestDocsTestExecutionListener@6e664075, org.springframework.boot.test.autoconfigure.web.client.MockRestServiceServerResetTestExecutionListener@1c571162, org.springframework.boot.test.autoconfigure.web.servlet.MockMvcPrintOnlyOnFailureTestExecutionListener@3e0b1f03, org.springframework.boot.test.autoconfigure.web.servlet.WebDriverTestExecutionListener@d60cbad]
Neither @ContextConfiguration nor @ContextHierarchy found for test class [com.wechatorder.demo.repository.SellerInfoRepositoryTest], using SpringBootContextLoader
Could not detect default resource locations for test class [com.wechatorder.demo.repository.SellerInfoRepositoryTest]: no resource found for suffixes {-context.xml, Context.groovy}.
Could not detect default configuration classes for test class [com.wechatorder.demo.repository.SellerInfoRepositoryTest]: SellerInfoRepositoryTest does not declare any static, non-private, non-final, nested classes annotated with @Configuration.
Found @SpringBootConfiguration com.wechatorder.demo.DemoApplication for test class com.wechatorder.demo.repository.SellerInfoRepositoryTest
Loaded default TestExecutionListener class names from location [META-INF/spring.factories]: [org.springframework.boot.test.mock.mockito.MockitoTestExecutionListener, org.springframework.boot.test.mock.mockito.ResetMocksTestExecutionListener, org.springframework.boot.test.autoconfigure.restdocs.RestDocsTestExecutionListener, org.springframework.boot.test.autoconfigure.web.client.MockRestServiceServerResetTestExecutionListener, org.springframework.boot.test.autoconfigure.web.servlet.MockMvcPrintOnlyOnFailureTestExecutionListener, org.springframework.boot.test.autoconfigure.web.servlet.WebDriverTestExecutionListener, org.springframework.test.context.web.ServletTestExecutionListener, org.springframework.test.context.support.DirtiesContextBeforeModesTestExecutionListener, org.springframework.test.context.support.DependencyInjectionTestExecutionListener, org.springframework.test.context.support.DirtiesContextTestExecutionListener, org.springframework.test.context.transaction.TransactionalTestExecutionListener, org.springframework.test.context.jdbc.SqlScriptsTestExecutionListener, org.springframework.test.context.event.EventPublishingTestExecutionListener]
Using TestExecutionListeners: [org.springframework.test.context.web.ServletTestExecutionListener@4281a26f, org.springframework.test.context.support.DirtiesContextBeforeModesTestExecutionListener@726e29d, org.springframework.boot.test.mock.mockito.MockitoTestExecutionListener@a1e578f, org.springframework.boot.test.autoconfigure.SpringBootDependencyInjectionTestExecutionListener@707b38a1, org.springframework.test.context.support.DirtiesContextTestExecutionListener@3f267e1b, org.springframework.test.context.transaction.TransactionalTestExecutionListener@f245168, org.springframework.test.context.jdbc.SqlScriptsTestExecutionListener@77fecd2c, org.springframework.test.context.event.EventPublishingTestExecutionListener@5ee95d42, org.springframework.boot.test.mock.mockito.ResetMocksTestExecutionListener@52b32622, org.springframework.boot.test.autoconfigure.restdocs.RestDocsTestExecutionListener@7fb1820d, org.springframework.boot.test.autoconfigure.web.client.MockRestServiceServerResetTestExecutionListener@7e27b77a, org.springframework.boot.test.autoconfigure.web.servlet.MockMvcPrintOnlyOnFailureTestExecutionListener@6a30f6b1, org.springframework.boot.test.autoconfigure.web.servlet.WebDriverTestExecutionListener@21f94fe3]
Neither @ContextConfiguration nor @ContextHierarchy found for test class [com.wechatorder.demo.service.impl.OrderServiceImplTest], using SpringBootContextLoader
Could not detect default resource locations for test class [com.wechatorder.demo.service.impl.OrderServiceImplTest]: no resource found for suffixes {-context.xml, Context.groovy}.
Could not detect default configuration classes for test class [com.wechatorder.demo.service.impl.OrderServiceImplTest]: OrderServiceImplTest does not declare any static, non-private, non-final, nested classes annotated with @Configuration.
Found @SpringBootConfiguration com.wechatorder.demo.DemoApplication for test class com.wechatorder.demo.service.impl.OrderServiceImplTest
Loaded default TestExecutionListener class names from location [META-INF/spring.factories]: [org.springframework.boot.test.mock.mockito.MockitoTestExecutionListener, org.springframework.boot.test.mock.mockito.ResetMocksTestExecutionListener, org.springframework.boot.test.autoconfigure.restdocs.RestDocsTestExecutionListener, org.springframework.boot.test.autoconfigure.web.client.MockRestServiceServerResetTestExecutionListener, org.springframework.boot.test.autoconfigure.web.servlet.MockMvcPrintOnlyOnFailureTestExecutionListener, org.springframework.boot.test.autoconfigure.web.servlet.WebDriverTestExecutionListener, org.springframework.test.context.web.ServletTestExecutionListener, org.springframework.test.context.support.DirtiesContextBeforeModesTestExecutionListener, org.springframework.test.context.support.DependencyInjectionTestExecutionListener, org.springframework.test.context.support.DirtiesContextTestExecutionListener, org.springframework.test.context.transaction.TransactionalTestExecutionListener, org.springframework.test.context.jdbc.SqlScriptsTestExecutionListener, org.springframework.test.context.event.EventPublishingTestExecutionListener]
Using TestExecutionListeners: [org.springframework.test.context.web.ServletTestExecutionListener@99af41d, org.springframework.test.context.support.DirtiesContextBeforeModesTestExecutionListener@496e0f9d, org.springframework.boot.test.mock.mockito.MockitoTestExecutionListener@6b468710, org.springframework.boot.test.autoconfigure.SpringBootDependencyInjectionTestExecutionListener@63c163e1, org.springframework.test.context.support.DirtiesContextTestExecutionListener@3da55998, org.springframework.test.context.transaction.TransactionalTestExecutionListener@40ebb56, org.springframework.test.context.jdbc.SqlScriptsTestExecutionListener@5b2fc2c0, org.springframework.test.context.event.EventPublishingTestExecutionListener@33197c2f, org.springframework.boot.test.mock.mockito.ResetMocksTestExecutionListener@24e79a4d, org.springframework.boot.test.autoconfigure.restdocs.RestDocsTestExecutionListener@5542418c, org.springframework.boot.test.autoconfigure.web.client.MockRestServiceServerResetTestExecutionListener@705eb026, org.springframework.boot.test.autoconfigure.web.servlet.MockMvcPrintOnlyOnFailureTestExecutionListener@8de4206, org.springframework.boot.test.autoconfigure.web.servlet.WebDriverTestExecutionListener@10f384a2]
Starting without optional epoll library
Starting without optional kqueue library
Neither @ContextConfiguration nor @ContextHierarchy found for test class [com.wechatorder.demo.service.impl.PushMessageServiceImplTest], using SpringBootContextLoader
Could not detect default resource locations for test class [com.wechatorder.demo.service.impl.PushMessageServiceImplTest]: no resource found for suffixes {-context.xml, Context.groovy}.
Could not detect default configuration classes for test class [com.wechatorder.demo.service.impl.PushMessageServiceImplTest]: PushMessageServiceImplTest does not declare any static, non-private, non-final, nested classes annotated with @Configuration.
Found @SpringBootConfiguration com.wechatorder.demo.DemoApplication for test class com.wechatorder.demo.service.impl.PushMessageServiceImplTest
Loaded default TestExecutionListener class names from location [META-INF/spring.factories]: [org.springframework.boot.test.mock.mockito.MockitoTestExecutionListener, org.springframework.boot.test.mock.mockito.ResetMocksTestExecutionListener, org.springframework.boot.test.autoconfigure.restdocs.RestDocsTestExecutionListener, org.springframework.boot.test.autoconfigure.web.client.MockRestServiceServerResetTestExecutionListener, org.springframework.boot.test.autoconfigure.web.servlet.MockMvcPrintOnlyOnFailureTestExecutionListener, org.springframework.boot.test.autoconfigure.web.servlet.WebDriverTestExecutionListener, org.springframework.test.context.web.ServletTestExecutionListener, org.springframework.test.context.support.DirtiesContextBeforeModesTestExecutionListener, org.springframework.test.context.support.DependencyInjectionTestExecutionListener, org.springframework.test.context.support.DirtiesContextTestExecutionListener, org.springframework.test.context.transaction.TransactionalTestExecutionListener, org.springframework.test.context.jdbc.SqlScriptsTestExecutionListener, org.springframework.test.context.event.EventPublishingTestExecutionListener]
Using TestExecutionListeners: [org.springframework.test.context.web.ServletTestExecutionListener@3cfab56d, org.springframework.test.context.support.DirtiesContextBeforeModesTestExecutionListener@6b6fde93, org.springframework.boot.test.mock.mockito.MockitoTestExecutionListener@51d34f02, org.springframework.boot.test.autoconfigure.SpringBootDependencyInjectionTestExecutionListener@441762b8, org.springframework.test.context.support.DirtiesContextTestExecutionListener@2d2fe68a, org.springframework.test.context.transaction.TransactionalTestExecutionListener@38213efa, org.springframework.test.context.jdbc.SqlScriptsTestExecutionListener@73c1dda3, org.springframework.test.context.event.EventPublishingTestExecutionListener@c3c63c1, org.springframework.boot.test.mock.mockito.ResetMocksTestExecutionListener@5e75cf7a, org.springframework.boot.test.autoconfigure.restdocs.RestDocsTestExecutionListener@6f12fca0, org.springframework.boot.test.autoconfigure.web.client.MockRestServiceServerResetTestExecutionListener@12c30824, org.springframework.boot.test.autoconfigure.web.servlet.MockMvcPrintOnlyOnFailureTestExecutionListener@7d0e43d6, org.springframework.boot.test.autoconfigure.web.servlet.WebDriverTestExecutionListener@df04d12]

【请求地址】: https://api.weixin.qq.com/cgi-bin/message/template/send?access_token=33_rG0PePqIPHy7sDdXjGoXG3g-GTs5gb_zapOCM9x8-J0RNqQBdMiHOWHCw6XuVK3PfCpLpEDpXevTSP3UR53yUGSHPRhLADpVNJnP40-h-HqT_hEXIKjy5wcz6EQNEVgDDa4PbLvRyiIOWzIJHAFiADARKP
【请求参数】：{"touser":"123","template_id":"e-Cqq67QxD6YNI41iRiqawEYdFavW_7pc7LyEMb-yeQ","data":{"first":{"value":"亲，请记得收货。"},"keyword1":{"value":"微信点餐"},"keyword2":{"value":"18868812345"},"keyword3":{"value":"1234567"},"keyword4":{"value":"NewOrder"},"keyword5":{"value":"￥3"},"remark":{"value":"欢迎再次光临！"}}}
【错误信息】：错误代码：40003, 错误信息：不合法的 OpenID ，请开发者确认 OpenID （该用户）是否已关注公众号，或是否是其他公众号的 OpenID，微信原始报文：{"errcode":40003,"errmsg":"invalid openid hint: [t3Z_vA09794123]"}
【微信模版消息】发送失败, {}
me.chanjar.weixin.common.error.WxErrorException: 错误代码：40003, 错误信息：不合法的 OpenID ，请开发者确认 OpenID （该用户）是否已关注公众号，或是否是其他公众号的 OpenID，微信原始报文：{"errcode":40003,"errmsg":"invalid openid hint: [t3Z_vA09794123]"}
	at me.chanjar.weixin.mp.api.impl.BaseWxMpServiceImpl.executeInternal(BaseWxMpServiceImpl.java:362)
	at me.chanjar.weixin.mp.api.impl.BaseWxMpServiceImpl.execute(BaseWxMpServiceImpl.java:302)
	at me.chanjar.weixin.mp.api.impl.BaseWxMpServiceImpl.post(BaseWxMpServiceImpl.java:281)
	at me.chanjar.weixin.mp.api.impl.BaseWxMpServiceImpl.post(BaseWxMpServiceImpl.java:286)
	at me.chanjar.weixin.mp.api.impl.WxMpTemplateMsgServiceImpl.sendTemplateMsg(WxMpTemplateMsgServiceImpl.java:35)
	at com.wechatorder.demo.service.impl.PushMessageServiceImpl.orderStatus(PushMessageServiceImpl.java:47)
	at com.wechatorder.demo.service.impl.PushMessageServiceImplTest.orderStatus(PushMessageServiceImplTest.java:28)
	at sun.reflect.NativeMethodAccessorImpl.invoke0(Native Method)
	at sun.reflect.NativeMethodAccessorImpl.invoke(NativeMethodAccessorImpl.java:62)
	at sun.reflect.DelegatingMethodAccessorImpl.invoke(DelegatingMethodAccessorImpl.java:43)
	at java.lang.reflect.Method.invoke(Method.java:498)
	at org.junit.platform.commons.util.ReflectionUtils.invokeMethod(ReflectionUtils.java:675)
	at org.junit.jupiter.engine.execution.MethodInvocation.proceed(MethodInvocation.java:60)
	at org.junit.jupiter.engine.execution.InvocationInterceptorChain$ValidatingInvocation.proceed(InvocationInterceptorChain.java:125)
	at org.junit.jupiter.engine.extension.TimeoutExtension.intercept(TimeoutExtension.java:132)
	at org.junit.jupiter.engine.extension.TimeoutExtension.interceptTestableMethod(TimeoutExtension.java:124)
	at org.junit.jupiter.engine.extension.TimeoutExtension.interceptTestMethod(TimeoutExtension.java:74)
	at org.junit.jupiter.engine.execution.ExecutableInvoker$ReflectiveInterceptorCall.lambda$ofVoidMethod$0(ExecutableInvoker.java:115)
	at org.junit.jupiter.engine.execution.ExecutableInvoker.lambda$invoke$0(ExecutableInvoker.java:105)
	at org.junit.jupiter.engine.execution.InvocationInterceptorChain$InterceptedInvocation.proceed(InvocationInterceptorChain.java:104)
	at org.junit.jupiter.engine.execution.InvocationInterceptorChain.proceed(InvocationInterceptorChain.java:62)
	at org.junit.jupiter.engine.execution.InvocationInterceptorChain.chainAndInvoke(InvocationInterceptorChain.java:43)
	at org.junit.jupiter.engine.execution.InvocationInterceptorChain.invoke(InvocationInterceptorChain.java:35)
	at org.junit.jupiter.engine.execution.ExecutableInvoker.invoke(ExecutableInvoker.java:104)
	at org.junit.jupiter.engine.execution.ExecutableInvoker.invoke(ExecutableInvoker.java:98)
	at org.junit.jupiter.engine.descriptor.TestMethodTestDescriptor.lambda$invokeTestMethod$6(TestMethodTestDescriptor.java:202)
	at org.junit.platform.engine.support.hierarchical.ThrowableCollector.execute(ThrowableCollector.java:73)
	at org.junit.jupiter.engine.descriptor.TestMethodTestDescriptor.invokeTestMethod(TestMethodTestDescriptor.java:198)
	at org.junit.jupiter.engine.descriptor.TestMethodTestDescriptor.execute(TestMethodTestDescriptor.java:135)
	at org.junit.jupiter.engine.descriptor.TestMethodTestDescriptor.execute(TestMethodTestDescriptor.java:69)
	at org.junit.platform.engine.support.hierarchical.NodeTestTask.lambda$executeRecursively$5(NodeTestTask.java:135)
	at org.junit.platform.engine.support.hierarchical.ThrowableCollector.execute(ThrowableCollector.java:73)
	at org.junit.platform.engine.support.hierarchical.NodeTestTask.lambda$executeRecursively$7(NodeTestTask.java:125)
	at org.junit.platform.engine.support.hierarchical.Node.around(Node.java:135)
	at org.junit.platform.engine.support.hierarchical.NodeTestTask.lambda$executeRecursively$8(NodeTestTask.java:123)
	at org.junit.platform.engine.support.hierarchical.ThrowableCollector.execute(ThrowableCollector.java:73)
	at org.junit.platform.engine.support.hierarchical.NodeTestTask.executeRecursively(NodeTestTask.java:122)
	at org.junit.platform.engine.support.hierarchical.NodeTestTask.execute(NodeTestTask.java:80)
	at java.util.ArrayList.forEach(ArrayList.java:1249)
	at org.junit.platform.engine.support.hierarchical.SameThreadHierarchicalTestExecutorService.invokeAll(SameThreadHierarchicalTestExecutorService.java:38)
	at org.junit.platform.engine.support.hierarchical.NodeTestTask.lambda$executeRecursively$5(NodeTestTask.java:139)
	at org.junit.platform.engine.support.hierarchical.ThrowableCollector.execute(ThrowableCollector.java:73)
	at org.junit.platform.engine.support.hierarchical.NodeTestTask.lambda$executeRecursively$7(NodeTestTask.java:125)
	at org.junit.platform.engine.support.hierarchical.Node.around(Node.java:135)
	at org.junit.platform.engine.support.hierarchical.NodeTestTask.lambda$executeRecursively$8(NodeTestTask.java:123)
	at org.junit.platform.engine.support.hierarchical.ThrowableCollector.execute(ThrowableCollector.java:73)
	at org.junit.platform.engine.support.hierarchical.NodeTestTask.executeRecursively(NodeTestTask.java:122)
	at org.junit.platform.engine.support.hierarchical.NodeTestTask.execute(NodeTestTask.java:80)
	at java.util.ArrayList.forEach(ArrayList.java:1249)
	at org.junit.platform.engine.support.hierarchical.SameThreadHierarchicalTestExecutorService.invokeAll(SameThreadHierarchicalTestExecutorService.java:38)
	at org.junit.platform.engine.support.hierarchical.NodeTestTask.lambda$executeRecursively$5(NodeTestTask.java:139)
	at org.junit.platform.engine.support.hierarchical.ThrowableCollector.execute(ThrowableCollector.java:73)
	at org.junit.platform.engine.support.hierarchical.NodeTestTask.lambda$executeRecursively$7(NodeTestTask.java:125)
	at org.junit.platform.engine.support.hierarchical.Node.around(Node.java:135)
	at org.junit.platform.engine.support.hierarchical.NodeTestTask.lambda$executeRecursively$8(NodeTestTask.java:123)
	at org.junit.platform.engine.support.hierarchical.ThrowableCollector.execute(ThrowableCollector.java:73)
	at org.junit.platform.engine.support.hierarchical.NodeTestTask.executeRecursively(NodeTestTask.java:122)
	at org.junit.platform.engine.support.hierarchical.NodeTestTask.execute(NodeTestTask.java:80)
	at org.junit.platform.engine.support.hierarchical.SameThreadHierarchicalTestExecutorService.submit(SameThreadHierarchicalTestExecutorService.java:32)
	at org.junit.platform.engine.support.hierarchical.HierarchicalTestExecutor.execute(HierarchicalTestExecutor.java:57)
	at org.junit.platform.engine.support.hierarchical.HierarchicalTestEngine.execute(HierarchicalTestEngine.java:51)
	at org.junit.platform.launcher.core.DefaultLauncher.execute(DefaultLauncher.java:220)
	at org.junit.platform.launcher.core.DefaultLauncher.lambda$execute$6(DefaultLauncher.java:188)
	at org.junit.platform.launcher.core.DefaultLauncher.withInterceptedStreams(DefaultLauncher.java:202)
	at org.junit.platform.launcher.core.DefaultLauncher.execute(DefaultLauncher.java:181)
	at org.junit.platform.launcher.core.DefaultLauncher.execute(DefaultLauncher.java:128)
	at org.apache.maven.surefire.junitplatform.JUnitPlatformProvider.invokeAllTests(JUnitPlatformProvider.java:150)
	at org.apache.maven.surefire.junitplatform.JUnitPlatformProvider.invoke(JUnitPlatformProvider.java:124)
	at org.apache.maven.surefire.booter.ForkedBooter.invokeProviderInSameClassLoader(ForkedBooter.java:384)
	at org.apache.maven.surefire.booter.ForkedBooter.runSuitesInProcess(ForkedBooter.java:345)
	at org.apache.maven.surefire.booter.ForkedBooter.execute(ForkedBooter.java:126)
	at org.apache.maven.surefire.booter.ForkedBooter.main(ForkedBooter.java:418)
Caused by: me.chanjar.weixin.common.error.WxErrorException: 错误代码：40003, 错误信息：不合法的 OpenID ，请开发者确认 OpenID （该用户）是否已关注公众号，或是否是其他公众号的 OpenID，微信原始报文：{"errcode":40003,"errmsg":"invalid openid hint: [t3Z_vA09794123]"}
	at me.chanjar.weixin.common.util.http.apache.ApacheSimplePostRequestExecutor.execute(ApacheSimplePostRequestExecutor.java:56)
	at me.chanjar.weixin.common.util.http.apache.ApacheSimplePostRequestExecutor.execute(ApacheSimplePostRequestExecutor.java:24)
	at me.chanjar.weixin.mp.api.impl.BaseWxMpServiceImpl.executeInternal(BaseWxMpServiceImpl.java:341)
	... 71 common frames omitted
Neither @ContextConfiguration nor @ContextHierarchy found for test class [com.wechatorder.demo.service.impl.SellerServiceImplTest], using SpringBootContextLoader
Could not detect default resource locations for test class [com.wechatorder.demo.service.impl.SellerServiceImplTest]: no resource found for suffixes {-context.xml, Context.groovy}.
Could not detect default configuration classes for test class [com.wechatorder.demo.service.impl.SellerServiceImplTest]: SellerServiceImplTest does not declare any static, non-private, non-final, nested classes annotated with @Configuration.
Found @SpringBootConfiguration com.wechatorder.demo.DemoApplication for test class com.wechatorder.demo.service.impl.SellerServiceImplTest
Loaded default TestExecutionListener class names from location [META-INF/spring.factories]: [org.springframework.boot.test.mock.mockito.MockitoTestExecutionListener, org.springframework.boot.test.mock.mockito.ResetMocksTestExecutionListener, org.springframework.boot.test.autoconfigure.restdocs.RestDocsTestExecutionListener, org.springframework.boot.test.autoconfigure.web.client.MockRestServiceServerResetTestExecutionListener, org.springframework.boot.test.autoconfigure.web.servlet.MockMvcPrintOnlyOnFailureTestExecutionListener, org.springframework.boot.test.autoconfigure.web.servlet.WebDriverTestExecutionListener, org.springframework.test.context.web.ServletTestExecutionListener, org.springframework.test.context.support.DirtiesContextBeforeModesTestExecutionListener, org.springframework.test.context.support.DependencyInjectionTestExecutionListener, org.springframework.test.context.support.DirtiesContextTestExecutionListener, org.springframework.test.context.transaction.TransactionalTestExecutionListener, org.springframework.test.context.jdbc.SqlScriptsTestExecutionListener, org.springframework.test.context.event.EventPublishingTestExecutionListener]
Using TestExecutionListeners: [org.springframework.test.context.web.ServletTestExecutionListener@7552f05b, org.springframework.test.context.support.DirtiesContextBeforeModesTestExecutionListener@524418a2, org.springframework.boot.test.mock.mockito.MockitoTestExecutionListener@322593ed, org.springframework.boot.test.autoconfigure.SpringBootDependencyInjectionTestExecutionListener@67062a93, org.springframework.test.context.support.DirtiesContextTestExecutionListener@5b4ce00, org.springframework.test.context.transaction.TransactionalTestExecutionListener@7747571c, org.springframework.test.context.jdbc.SqlScriptsTestExecutionListener@69e308e2, org.springframework.test.context.event.EventPublishingTestExecutionListener@3f67f5ff, org.springframework.boot.test.mock.mockito.ResetMocksTestExecutionListener@1c80f8dd, org.springframework.boot.test.autoconfigure.restdocs.RestDocsTestExecutionListener@51b2b3e6, org.springframework.boot.test.autoconfigure.web.client.MockRestServiceServerResetTestExecutionListener@20e7152a, org.springframework.boot.test.autoconfigure.web.servlet.MockMvcPrintOnlyOnFailureTestExecutionListener@202fd4c4, org.springframework.boot.test.autoconfigure.web.servlet.WebDriverTestExecutionListener@3b72860c]
Shutting down ExecutorService 'applicationTaskExecutor'
Closing JPA EntityManagerFactory for persistence unit 'default'
HikariPool-1 - Shutdown initiated...
HikariPool-1 - Shutdown completed.
